<?xml version="1.0" encoding="UTF-8"?>
<!-- Generated by org.testng.reporters.JUnitXMLReporter -->
<testsuite hostname="LAPTOP-CF3E3LQS" name="Test" tests="4" failures="3" timestamp="25 Nov 2019 20:58:15 GMT" time="37.672" errors="0">
  <testcase name="Launch_Browser" time="37.594" classname="nz.govt.mdc.ConsentsOnline.LaunchBrowserTest"/>
  <testcase name="Valid_Login" time="0.041" classname="nz.govt.mdc.ConsentsOnline.ValidLoginTest">
    <failure type="java.lang.NullPointerException">
      <![CDATA[java.lang.NullPointerException
	at org.openqa.selenium.support.pagefactory.DefaultElementLocator.findElement(DefaultElementLocator.java:70)
	at org.openqa.selenium.support.pagefactory.internal.LocatingElementHandler.invoke(LocatingElementHandler.java:39)
	at com.sun.proxy.$Proxy6.sendKeys(Unknown Source)
	at pageObjects.LoginPage.login(LoginPage.java:35)
	at nz.govt.mdc.ConsentsOnline.ValidLoginTest.Valid_Login(ValidLoginTest.java:16)
... Removed 24 stack frames]]>
    </failure>
  </testcase> <!-- Valid_Login -->
  <testcase name="new_application" time="0.004" classname="nz.govt.mdc.ConsentsOnline.HomePageTest">
    <failure type="java.lang.NullPointerException">
      <![CDATA[java.lang.NullPointerException
	at org.openqa.selenium.support.pagefactory.DefaultElementLocator.findElement(DefaultElementLocator.java:70)
	at org.openqa.selenium.support.pagefactory.internal.LocatingElementHandler.invoke(LocatingElementHandler.java:39)
	at com.sun.proxy.$Proxy6.getText(Unknown Source)
	at pageObjects.HomePage.start_new_application(HomePage.java:22)
	at nz.govt.mdc.ConsentsOnline.HomePageTest.new_application(HomePageTest.java:16)
... Removed 24 stack frames]]>
    </failure>
  </testcase> <!-- new_application -->
  <testcase name="application_step_one" time="0.007" classname="nz.govt.mdc.ConsentsOnline.ApplicationStepOneTest">
    <failure type="java.lang.NullPointerException">
      <![CDATA[java.lang.NullPointerException
	at org.openqa.selenium.support.pagefactory.DefaultElementLocator.findElement(DefaultElementLocator.java:70)
	at org.openqa.selenium.support.pagefactory.internal.LocatingElementHandler.invoke(LocatingElementHandler.java:39)
	at com.sun.proxy.$Proxy6.getTagName(Unknown Source)
	at org.openqa.selenium.support.ui.Select.<init>(Select.java:46)
	at pageObjects.ApplicationStepOne.select_council(ApplicationStepOne.java:43)
	at nz.govt.mdc.ConsentsOnline.ApplicationStepOneTest.application_step_one(ApplicationStepOneTest.java:17)
... Removed 24 stack frames]]>
    </failure>
  </testcase> <!-- application_step_one -->
</testsuite> <!-- Test -->
