<?xml version="1.0" encoding="UTF-8"?>
<!-- Generated by org.testng.reporters.JUnitXMLReporter -->
<testsuite hostname="LAPTOP-CF3E3LQS" name="Validate Land use consent application" tests="10" failures="2" timestamp="30 Nov 2019 21:54:19 GMT" time="108.024" errors="0">
  <testcase name="Login" time="13.605" classname="nz.govt.mdc.ConsentsOnline.LandUseConsentApplicationTest"/>
  <testcase name="new_application" time="7.421" classname="nz.govt.mdc.ConsentsOnline.LandUseConsentApplicationTest"/>
  <testcase name="application_step_one" time="8.016" classname="nz.govt.mdc.ConsentsOnline.LandUseConsentApplicationTest"/>
  <testcase name="application_step_two" time="6.05" classname="nz.govt.mdc.ConsentsOnline.LandUseConsentApplicationTest"/>
  <testcase name="application_step_three" time="7.55" classname="nz.govt.mdc.ConsentsOnline.LandUseConsentApplicationTest"/>
  <testcase name="application_step_four" time="5.742" classname="nz.govt.mdc.ConsentsOnline.LandUseConsentApplicationTest"/>
  <testcase name="application_step_five" time="5.398" classname="nz.govt.mdc.ConsentsOnline.LandUseConsentApplicationTest"/>
  <testcase name="application_step_six" time="0.065" classname="nz.govt.mdc.ConsentsOnline.LandUseConsentApplicationTest">
    <failure type="java.lang.AssertionError" message="expected [AppDeclaration - Consents Online] but found [Assessment of Environmental Effects (AEE) - Consents Online]">
      <![CDATA[java.lang.AssertionError: expected [AppDeclaration - Consents Online] but found [Assessment of Environmental Effects (AEE) - Consents Online]
	at nz.govt.mdc.ConsentsOnline.LandUseConsentApplicationTest.application_step_six(LandUseConsentApplicationTest.java:145)
... Removed 30 stack frames]]>
    </failure>
  </testcase> <!-- application_step_six -->
  <testcase name="application_step_eight" time="20.024" classname="nz.govt.mdc.ConsentsOnline.LandUseConsentApplicationTest">
    <failure type="org.openqa.selenium.NoSuchElementException" message="no such element: Unable to locate element: {&amp;quot;method&amp;quot;:&amp;quot;css selector&amp;quot;,&amp;quot;selector&amp;quot;:&amp;quot;#Name&amp;quot;}
  (Session info: chrome=78.0.3904.108)
For documentation on this error, please visit: https://www.seleniumhq.org/exceptions/no_such_element.html
Build info: version: &amp;apos;4.0.0-alpha-3&amp;apos;, revision: &amp;apos;8c567de6dc&amp;apos;
System info: host: &amp;apos;LAPTOP-CF3E3LQS&amp;apos;, ip: &amp;apos;192.168.174.1&amp;apos;, os.name: &amp;apos;Windows 10&amp;apos;, os.arch: &amp;apos;amd64&amp;apos;, os.version: &amp;apos;10.0&amp;apos;, java.version: &amp;apos;1.8.0_211&amp;apos;
Driver info: org.openqa.selenium.chrome.ChromeDriver
Capabilities {acceptInsecureCerts: false, browserName: chrome, browserVersion: 78.0.3904.108, chrome: {chromedriverVersion: 78.0.3904.105 (60e2d8774a81..., userDataDir: C:\Users\Nilu\AppData\Local...}, goog:chromeOptions: {debuggerAddress: localhost:61711}, javascriptEnabled: true, networkConnectionEnabled: false, pageLoadStrategy: normal, platform: XP, platformName: XP, proxy: Proxy(), setWindowRect: true, strictFileInteractability: false, timeouts: {implicit: 0, pageLoad: 300000, script: 30000}, unhandledPromptBehavior: dismiss and notify}
Session ID: 7a1160261ba785da8bfdc7a6d452a540
*** Element info: {Using=id, value=Name}">
      <![CDATA[org.openqa.selenium.NoSuchElementException: no such element: Unable to locate element: {"method":"css selector","selector":"#Name"}
  (Session info: chrome=78.0.3904.108)
For documentation on this error, please visit: https://www.seleniumhq.org/exceptions/no_such_element.html
Build info: version: '4.0.0-alpha-3', revision: '8c567de6dc'
System info: host: 'LAPTOP-CF3E3LQS', ip: '192.168.174.1', os.name: 'Windows 10', os.arch: 'amd64', os.version: '10.0', java.version: '1.8.0_211'
Driver info: org.openqa.selenium.chrome.ChromeDriver
Capabilities {acceptInsecureCerts: false, browserName: chrome, browserVersion: 78.0.3904.108, chrome: {chromedriverVersion: 78.0.3904.105 (60e2d8774a81..., userDataDir: C:\Users\Nilu\AppData\Local...}, goog:chromeOptions: {debuggerAddress: localhost:61711}, javascriptEnabled: true, networkConnectionEnabled: false, pageLoadStrategy: normal, platform: XP, platformName: XP, proxy: Proxy(), setWindowRect: true, strictFileInteractability: false, timeouts: {implicit: 0, pageLoad: 300000, script: 30000}, unhandledPromptBehavior: dismiss and notify}
Session ID: 7a1160261ba785da8bfdc7a6d452a540
*** Element info: {Using=id, value=Name}
	at org.openqa.selenium.remote.codec.w3c.W3CHttpResponseCodec.createException(W3CHttpResponseCodec.java:191)
	at org.openqa.selenium.remote.codec.w3c.W3CHttpResponseCodec.decode(W3CHttpResponseCodec.java:125)
	at org.openqa.selenium.remote.codec.w3c.W3CHttpResponseCodec.decode(W3CHttpResponseCodec.java:52)
	at org.openqa.selenium.remote.HttpCommandExecutor.execute(HttpCommandExecutor.java:161)
	at org.openqa.selenium.remote.service.DriverCommandExecutor.execute(DriverCommandExecutor.java:83)
	at org.openqa.selenium.remote.RemoteWebDriver.execute(RemoteWebDriver.java:576)
	at org.openqa.selenium.remote.RemoteWebDriver.findElement(RemoteWebDriver.java:327)
	at org.openqa.selenium.remote.RemoteWebDriver.findElementById(RemoteWebDriver.java:375)
	at org.openqa.selenium.By$ById.findElement(By.java:196)
	at org.openqa.selenium.remote.RemoteWebDriver.findElement(RemoteWebDriver.java:319)
	at org.openqa.selenium.support.pagefactory.DefaultElementLocator.findElement(DefaultElementLocator.java:70)
	at org.openqa.selenium.support.pagefactory.internal.LocatingElementHandler.invoke(LocatingElementHandler.java:39)
	at com.sun.proxy.$Proxy28.sendKeys(Unknown Source)
	at pageObjects.ApplicationStepEight.applicant_name(ApplicationStepEight.java:36)
	at nz.govt.mdc.ConsentsOnline.LandUseConsentApplicationTest.application_step_eight(LandUseConsentApplicationTest.java:155)
... Removed 28 stack frames]]>
    </failure>
  </testcase> <!-- application_step_eight -->
  <testcase name="logout" time="2.301" classname="nz.govt.mdc.ConsentsOnline.LandUseConsentApplicationTest"/>
</testsuite> <!-- Validate Land use consent application -->
