<?xml version="1.0" encoding="UTF-8"?>
<testng-results skipped="0" failed="5" total="27" passed="22">
  <reporter-output>
  </reporter-output>
  <suite name="Suite" duration-ms="404230" started-at="2019-11-30T21:47:35Z" finished-at="2019-11-30T21:54:19Z">
    <groups>
    </groups>
    <test name="Validate Login" duration-ms="169757" started-at="2019-11-30T21:47:35Z" finished-at="2019-11-30T21:50:25Z">
      <class name="nz.govt.mdc.ConsentsOnline.LoginTest">
        <test-method status="PASS" signature="Launch_Browser()[pri:0, instance:nz.govt.mdc.ConsentsOnline.LoginTest@778d1062]" name="Launch_Browser" is-config="true" duration-ms="24514" started-at="2019-12-01T10:47:35Z" finished-at="2019-12-01T10:48:00Z">
          <reporter-output>
          </reporter-output>
        </test-method> <!-- Launch_Browser -->
        <test-method status="PASS" signature="ConsentsOnline_Login(java.lang.String, java.lang.String)[pri:0, instance:nz.govt.mdc.ConsentsOnline.LoginTest@778d1062]" name="ConsentsOnline_Login" duration-ms="14845" started-at="2019-12-01T10:48:00Z" data-provider="getData" finished-at="2019-12-01T10:48:14Z">
          <params>
            <param index="0">
              <value>
                <![CDATA[ranatungaran@gmail.com]]>
              </value>
            </param>
            <param index="1">
              <value>
                <![CDATA[123Aa$]]>
              </value>
            </param>
          </params>
          <reporter-output>
          </reporter-output>
        </test-method> <!-- ConsentsOnline_Login -->
        <test-method status="PASS" signature="teardown()[pri:0, instance:nz.govt.mdc.ConsentsOnline.LoginTest@778d1062]" name="teardown" is-config="true" duration-ms="609" started-at="2019-12-01T10:48:14Z" finished-at="2019-12-01T10:48:15Z">
          <reporter-output>
          </reporter-output>
        </test-method> <!-- teardown -->
        <test-method status="PASS" signature="Launch_Browser()[pri:0, instance:nz.govt.mdc.ConsentsOnline.LoginTest@778d1062]" name="Launch_Browser" is-config="true" duration-ms="21630" started-at="2019-12-01T10:48:15Z" finished-at="2019-12-01T10:48:37Z">
          <reporter-output>
          </reporter-output>
        </test-method> <!-- Launch_Browser -->
        <test-method status="PASS" signature="ConsentsOnline_Login(java.lang.String, java.lang.String)[pri:0, instance:nz.govt.mdc.ConsentsOnline.LoginTest@778d1062]" name="ConsentsOnline_Login" duration-ms="2643" started-at="2019-12-01T10:48:37Z" data-provider="getData" finished-at="2019-12-01T10:48:39Z">
          <params>
            <param index="0">
              <value>
                <![CDATA[ranatunga@gmail.com]]>
              </value>
            </param>
            <param index="1">
              <value>
                <![CDATA[123456Aa?]]>
              </value>
            </param>
          </params>
          <reporter-output>
          </reporter-output>
        </test-method> <!-- ConsentsOnline_Login -->
        <test-method status="PASS" signature="teardown()[pri:0, instance:nz.govt.mdc.ConsentsOnline.LoginTest@778d1062]" name="teardown" is-config="true" duration-ms="588" started-at="2019-12-01T10:48:39Z" finished-at="2019-12-01T10:48:40Z">
          <reporter-output>
          </reporter-output>
        </test-method> <!-- teardown -->
        <test-method status="PASS" signature="Launch_Browser()[pri:0, instance:nz.govt.mdc.ConsentsOnline.LoginTest@778d1062]" name="Launch_Browser" is-config="true" duration-ms="33131" started-at="2019-12-01T10:48:40Z" finished-at="2019-12-01T10:49:13Z">
          <reporter-output>
          </reporter-output>
        </test-method> <!-- Launch_Browser -->
        <test-method status="PASS" signature="ConsentsOnline_Login(java.lang.String, java.lang.String)[pri:0, instance:nz.govt.mdc.ConsentsOnline.LoginTest@778d1062]" name="ConsentsOnline_Login" duration-ms="2438" started-at="2019-12-01T10:49:13Z" data-provider="getData" finished-at="2019-12-01T10:49:15Z">
          <params>
            <param index="0">
              <value>
                <![CDATA[ranatungaran@gmail.com]]>
              </value>
            </param>
            <param index="1">
              <value>
                <![CDATA[123456789]]>
              </value>
            </param>
          </params>
          <reporter-output>
          </reporter-output>
        </test-method> <!-- ConsentsOnline_Login -->
        <test-method status="PASS" signature="teardown()[pri:0, instance:nz.govt.mdc.ConsentsOnline.LoginTest@778d1062]" name="teardown" is-config="true" duration-ms="599" started-at="2019-12-01T10:49:15Z" finished-at="2019-12-01T10:49:16Z">
          <reporter-output>
          </reporter-output>
        </test-method> <!-- teardown -->
        <test-method status="PASS" signature="Launch_Browser()[pri:0, instance:nz.govt.mdc.ConsentsOnline.LoginTest@778d1062]" name="Launch_Browser" is-config="true" duration-ms="18129" started-at="2019-12-01T10:49:16Z" finished-at="2019-12-01T10:49:34Z">
          <reporter-output>
          </reporter-output>
        </test-method> <!-- Launch_Browser -->
        <test-method status="PASS" signature="ConsentsOnline_Login(java.lang.String, java.lang.String)[pri:0, instance:nz.govt.mdc.ConsentsOnline.LoginTest@778d1062]" name="ConsentsOnline_Login" duration-ms="2501" started-at="2019-12-01T10:49:34Z" data-provider="getData" finished-at="2019-12-01T10:49:37Z">
          <params>
            <param index="0">
              <value>
                <![CDATA[ranatunga@gmail.com]]>
              </value>
            </param>
            <param index="1">
              <value>
                <![CDATA[123456789]]>
              </value>
            </param>
          </params>
          <reporter-output>
          </reporter-output>
        </test-method> <!-- ConsentsOnline_Login -->
        <test-method status="PASS" signature="teardown()[pri:0, instance:nz.govt.mdc.ConsentsOnline.LoginTest@778d1062]" name="teardown" is-config="true" duration-ms="594" started-at="2019-12-01T10:49:37Z" finished-at="2019-12-01T10:49:37Z">
          <reporter-output>
          </reporter-output>
        </test-method> <!-- teardown -->
        <test-method status="PASS" signature="Launch_Browser()[pri:0, instance:nz.govt.mdc.ConsentsOnline.LoginTest@778d1062]" name="Launch_Browser" is-config="true" duration-ms="17477" started-at="2019-12-01T10:49:37Z" finished-at="2019-12-01T10:49:55Z">
          <reporter-output>
          </reporter-output>
        </test-method> <!-- Launch_Browser -->
        <test-method status="PASS" signature="ConsentsOnline_Login(java.lang.String, java.lang.String)[pri:0, instance:nz.govt.mdc.ConsentsOnline.LoginTest@778d1062]" name="ConsentsOnline_Login" duration-ms="206" started-at="2019-12-01T10:49:55Z" data-provider="getData" finished-at="2019-12-01T10:49:55Z">
          <params>
            <param index="0">
              <value>
                <![CDATA[]]>
              </value>
            </param>
            <param index="1">
              <value>
                <![CDATA[]]>
              </value>
            </param>
          </params>
          <reporter-output>
          </reporter-output>
        </test-method> <!-- ConsentsOnline_Login -->
        <test-method status="PASS" signature="teardown()[pri:0, instance:nz.govt.mdc.ConsentsOnline.LoginTest@778d1062]" name="teardown" is-config="true" duration-ms="590" started-at="2019-12-01T10:49:55Z" finished-at="2019-12-01T10:49:55Z">
          <reporter-output>
          </reporter-output>
        </test-method> <!-- teardown -->
        <test-method status="PASS" signature="Launch_Browser()[pri:0, instance:nz.govt.mdc.ConsentsOnline.LoginTest@778d1062]" name="Launch_Browser" is-config="true" duration-ms="26527" started-at="2019-12-01T10:49:55Z" finished-at="2019-12-01T10:50:22Z">
          <reporter-output>
          </reporter-output>
        </test-method> <!-- Launch_Browser -->
        <test-method status="PASS" signature="ConsentsOnline_Login(java.lang.String, java.lang.String)[pri:0, instance:nz.govt.mdc.ConsentsOnline.LoginTest@778d1062]" name="ConsentsOnline_Login" duration-ms="2127" started-at="2019-12-01T10:50:22Z" data-provider="getData" finished-at="2019-12-01T10:50:24Z">
          <params>
            <param index="0">
              <value>
                <![CDATA[nilupuleer911@gmail.com]]>
              </value>
            </param>
            <param index="1">
              <value>
                <![CDATA[123Aa$]]>
              </value>
            </param>
          </params>
          <reporter-output>
          </reporter-output>
        </test-method> <!-- ConsentsOnline_Login -->
        <test-method status="PASS" signature="teardown()[pri:0, instance:nz.govt.mdc.ConsentsOnline.LoginTest@778d1062]" name="teardown" is-config="true" duration-ms="593" started-at="2019-12-01T10:50:24Z" finished-at="2019-12-01T10:50:25Z">
          <reporter-output>
          </reporter-output>
        </test-method> <!-- teardown -->
      </class> <!-- nz.govt.mdc.ConsentsOnline.LoginTest -->
    </test> <!-- Validate Login -->
    <test name="Validate Subdivision consent application" duration-ms="126386" started-at="2019-11-30T21:50:25Z" finished-at="2019-11-30T21:52:31Z">
      <class name="nz.govt.mdc.ConsentsOnline.SubdivisionConsentApplicationTest">
        <test-method status="PASS" signature="Launch_Browser()[pri:0, instance:nz.govt.mdc.ConsentsOnline.SubdivisionConsentApplicationTest@79b06cab]" name="Launch_Browser" is-config="true" duration-ms="27217" started-at="2019-12-01T10:50:25Z" finished-at="2019-12-01T10:50:52Z">
          <reporter-output>
          </reporter-output>
        </test-method> <!-- Launch_Browser -->
        <test-method status="PASS" signature="Login()[pri:0, instance:nz.govt.mdc.ConsentsOnline.SubdivisionConsentApplicationTest@79b06cab]" name="Login" duration-ms="14571" started-at="2019-12-01T10:50:52Z" finished-at="2019-12-01T10:51:07Z">
          <reporter-output>
          </reporter-output>
        </test-method> <!-- Login -->
        <test-method status="PASS" signature="new_application()[pri:1, instance:nz.govt.mdc.ConsentsOnline.SubdivisionConsentApplicationTest@79b06cab]" name="new_application" duration-ms="7880" started-at="2019-12-01T10:51:07Z" finished-at="2019-12-01T10:51:14Z">
          <reporter-output>
          </reporter-output>
        </test-method> <!-- new_application -->
        <test-method status="PASS" signature="application_step_one()[pri:2, instance:nz.govt.mdc.ConsentsOnline.SubdivisionConsentApplicationTest@79b06cab]" name="application_step_one" duration-ms="7819" started-at="2019-12-01T10:51:14Z" finished-at="2019-12-01T10:51:22Z">
          <reporter-output>
          </reporter-output>
        </test-method> <!-- application_step_one -->
        <test-method status="PASS" signature="application_step_two()[pri:3, instance:nz.govt.mdc.ConsentsOnline.SubdivisionConsentApplicationTest@79b06cab]" name="application_step_two" duration-ms="6327" started-at="2019-12-01T10:51:22Z" finished-at="2019-12-01T10:51:29Z">
          <reporter-output>
          </reporter-output>
        </test-method> <!-- application_step_two -->
        <test-method status="PASS" signature="application_step_three()[pri:4, instance:nz.govt.mdc.ConsentsOnline.SubdivisionConsentApplicationTest@79b06cab]" name="application_step_three" duration-ms="7620" started-at="2019-12-01T10:51:29Z" finished-at="2019-12-01T10:51:36Z">
          <reporter-output>
          </reporter-output>
        </test-method> <!-- application_step_three -->
        <test-method status="PASS" signature="application_step_four()[pri:5, instance:nz.govt.mdc.ConsentsOnline.SubdivisionConsentApplicationTest@79b06cab]" name="application_step_four" duration-ms="5503" started-at="2019-12-01T10:51:36Z" finished-at="2019-12-01T10:51:42Z">
          <reporter-output>
          </reporter-output>
        </test-method> <!-- application_step_four -->
        <test-method status="PASS" signature="application_step_five()[pri:6, instance:nz.govt.mdc.ConsentsOnline.SubdivisionConsentApplicationTest@79b06cab]" name="application_step_five" duration-ms="5503" started-at="2019-12-01T10:51:42Z" finished-at="2019-12-01T10:51:47Z">
          <reporter-output>
          </reporter-output>
        </test-method> <!-- application_step_five -->
        <test-method status="FAIL" signature="application_step_six()[pri:7, instance:nz.govt.mdc.ConsentsOnline.SubdivisionConsentApplicationTest@79b06cab]" name="application_step_six" duration-ms="54" started-at="2019-12-01T10:51:47Z" finished-at="2019-12-01T10:51:47Z">
          <exception class="java.lang.AssertionError">
            <message>
              <![CDATA[expected [AppDeclaration - Consents Online] but found [Assessment of Environmental Effects (AEE) - Consents Online]]]>
            </message>
            <full-stacktrace>
              <![CDATA[java.lang.AssertionError: expected [AppDeclaration - Consents Online] but found [Assessment of Environmental Effects (AEE) - Consents Online]
	at org.testng.Assert.fail(Assert.java:94)
	at org.testng.Assert.failNotEquals(Assert.java:513)
	at org.testng.Assert.assertEqualsImpl(Assert.java:135)
	at org.testng.Assert.assertEquals(Assert.java:116)
	at org.testng.Assert.assertEquals(Assert.java:190)
	at org.testng.Assert.assertEquals(Assert.java:200)
	at nz.govt.mdc.ConsentsOnline.SubdivisionConsentApplicationTest.application_step_six(SubdivisionConsentApplicationTest.java:144)
	at sun.reflect.NativeMethodAccessorImpl.invoke0(Native Method)
	at sun.reflect.NativeMethodAccessorImpl.invoke(Unknown Source)
	at sun.reflect.DelegatingMethodAccessorImpl.invoke(Unknown Source)
	at java.lang.reflect.Method.invoke(Unknown Source)
	at org.testng.internal.MethodInvocationHelper.invokeMethod(MethodInvocationHelper.java:86)
	at org.testng.internal.Invoker.invokeMethod(Invoker.java:645)
	at org.testng.internal.Invoker.invokeTestMethod(Invoker.java:822)
	at org.testng.internal.Invoker.invokeTestMethods(Invoker.java:1130)
	at org.testng.internal.TestMethodWorker.invokeTestMethods(TestMethodWorker.java:129)
	at org.testng.internal.TestMethodWorker.run(TestMethodWorker.java:112)
	at org.testng.TestRunner.privateRun(TestRunner.java:782)
	at org.testng.TestRunner.run(TestRunner.java:632)
	at org.testng.SuiteRunner.runTest(SuiteRunner.java:366)
	at org.testng.SuiteRunner.runSequentially(SuiteRunner.java:361)
	at org.testng.SuiteRunner.privateRun(SuiteRunner.java:319)
	at org.testng.SuiteRunner.run(SuiteRunner.java:268)
	at org.testng.SuiteRunnerWorker.runSuite(SuiteRunnerWorker.java:52)
	at org.testng.SuiteRunnerWorker.run(SuiteRunnerWorker.java:86)
	at org.testng.TestNG.runSuitesSequentially(TestNG.java:1244)
	at org.testng.TestNG.runSuitesLocally(TestNG.java:1169)
	at org.testng.TestNG.run(TestNG.java:1064)
	at org.testng.remote.RemoteTestNG.run(RemoteTestNG.java:113)
	at org.testng.remote.RemoteTestNG.initAndRun(RemoteTestNG.java:206)
	at org.testng.remote.RemoteTestNG.main(RemoteTestNG.java:177)
]]>
            </full-stacktrace>
          </exception> <!-- java.lang.AssertionError -->
          <reporter-output>
          </reporter-output>
        </test-method> <!-- application_step_six -->
        <test-method status="FAIL" signature="application_step_eight()[pri:8, instance:nz.govt.mdc.ConsentsOnline.SubdivisionConsentApplicationTest@79b06cab]" name="application_step_eight" duration-ms="20016" started-at="2019-12-01T10:51:48Z" finished-at="2019-12-01T10:52:08Z">
          <exception class="org.openqa.selenium.NoSuchElementException">
            <message>
              <![CDATA[no such element: Unable to locate element: {"method":"css selector","selector":"#Name"}
  (Session info: chrome=78.0.3904.108)
For documentation on this error, please visit: https://www.seleniumhq.org/exceptions/no_such_element.html
Build info: version: '4.0.0-alpha-3', revision: '8c567de6dc'
System info: host: 'LAPTOP-CF3E3LQS', ip: '192.168.174.1', os.name: 'Windows 10', os.arch: 'amd64', os.version: '10.0', java.version: '1.8.0_211'
Driver info: org.openqa.selenium.chrome.ChromeDriver
Capabilities {acceptInsecureCerts: false, browserName: chrome, browserVersion: 78.0.3904.108, chrome: {chromedriverVersion: 78.0.3904.105 (60e2d8774a81..., userDataDir: C:\Users\Nilu\AppData\Local...}, goog:chromeOptions: {debuggerAddress: localhost:61658}, javascriptEnabled: true, networkConnectionEnabled: false, pageLoadStrategy: normal, platform: XP, platformName: XP, proxy: Proxy(), setWindowRect: true, strictFileInteractability: false, timeouts: {implicit: 0, pageLoad: 300000, script: 30000}, unhandledPromptBehavior: dismiss and notify}
Session ID: aa2599f43eaa40378285fdc9912aacda
*** Element info: {Using=id, value=Name}]]>
            </message>
            <full-stacktrace>
              <![CDATA[org.openqa.selenium.NoSuchElementException: no such element: Unable to locate element: {"method":"css selector","selector":"#Name"}
  (Session info: chrome=78.0.3904.108)
For documentation on this error, please visit: https://www.seleniumhq.org/exceptions/no_such_element.html
Build info: version: '4.0.0-alpha-3', revision: '8c567de6dc'
System info: host: 'LAPTOP-CF3E3LQS', ip: '192.168.174.1', os.name: 'Windows 10', os.arch: 'amd64', os.version: '10.0', java.version: '1.8.0_211'
Driver info: org.openqa.selenium.chrome.ChromeDriver
Capabilities {acceptInsecureCerts: false, browserName: chrome, browserVersion: 78.0.3904.108, chrome: {chromedriverVersion: 78.0.3904.105 (60e2d8774a81..., userDataDir: C:\Users\Nilu\AppData\Local...}, goog:chromeOptions: {debuggerAddress: localhost:61658}, javascriptEnabled: true, networkConnectionEnabled: false, pageLoadStrategy: normal, platform: XP, platformName: XP, proxy: Proxy(), setWindowRect: true, strictFileInteractability: false, timeouts: {implicit: 0, pageLoad: 300000, script: 30000}, unhandledPromptBehavior: dismiss and notify}
Session ID: aa2599f43eaa40378285fdc9912aacda
*** Element info: {Using=id, value=Name}
	at sun.reflect.NativeConstructorAccessorImpl.newInstance0(Native Method)
	at sun.reflect.NativeConstructorAccessorImpl.newInstance(Unknown Source)
	at sun.reflect.DelegatingConstructorAccessorImpl.newInstance(Unknown Source)
	at java.lang.reflect.Constructor.newInstance(Unknown Source)
	at org.openqa.selenium.remote.codec.w3c.W3CHttpResponseCodec.createException(W3CHttpResponseCodec.java:191)
	at org.openqa.selenium.remote.codec.w3c.W3CHttpResponseCodec.decode(W3CHttpResponseCodec.java:125)
	at org.openqa.selenium.remote.codec.w3c.W3CHttpResponseCodec.decode(W3CHttpResponseCodec.java:52)
	at org.openqa.selenium.remote.HttpCommandExecutor.execute(HttpCommandExecutor.java:161)
	at org.openqa.selenium.remote.service.DriverCommandExecutor.execute(DriverCommandExecutor.java:83)
	at org.openqa.selenium.remote.RemoteWebDriver.execute(RemoteWebDriver.java:576)
	at org.openqa.selenium.remote.RemoteWebDriver.findElement(RemoteWebDriver.java:327)
	at org.openqa.selenium.remote.RemoteWebDriver.findElementById(RemoteWebDriver.java:375)
	at org.openqa.selenium.By$ById.findElement(By.java:196)
	at org.openqa.selenium.remote.RemoteWebDriver.findElement(RemoteWebDriver.java:319)
	at org.openqa.selenium.support.pagefactory.DefaultElementLocator.findElement(DefaultElementLocator.java:70)
	at org.openqa.selenium.support.pagefactory.internal.LocatingElementHandler.invoke(LocatingElementHandler.java:39)
	at com.sun.proxy.$Proxy28.sendKeys(Unknown Source)
	at pageObjects.ApplicationStepEight.applicant_name(ApplicationStepEight.java:36)
	at nz.govt.mdc.ConsentsOnline.SubdivisionConsentApplicationTest.application_step_eight(SubdivisionConsentApplicationTest.java:163)
	at sun.reflect.NativeMethodAccessorImpl.invoke0(Native Method)
	at sun.reflect.NativeMethodAccessorImpl.invoke(Unknown Source)
	at sun.reflect.DelegatingMethodAccessorImpl.invoke(Unknown Source)
	at java.lang.reflect.Method.invoke(Unknown Source)
	at org.testng.internal.MethodInvocationHelper.invokeMethod(MethodInvocationHelper.java:86)
	at org.testng.internal.Invoker.invokeMethod(Invoker.java:645)
	at org.testng.internal.Invoker.invokeTestMethod(Invoker.java:822)
	at org.testng.internal.Invoker.invokeTestMethods(Invoker.java:1130)
	at org.testng.internal.TestMethodWorker.invokeTestMethods(TestMethodWorker.java:129)
	at org.testng.internal.TestMethodWorker.run(TestMethodWorker.java:112)
	at org.testng.TestRunner.privateRun(TestRunner.java:782)
	at org.testng.TestRunner.run(TestRunner.java:632)
	at org.testng.SuiteRunner.runTest(SuiteRunner.java:366)
	at org.testng.SuiteRunner.runSequentially(SuiteRunner.java:361)
	at org.testng.SuiteRunner.privateRun(SuiteRunner.java:319)
	at org.testng.SuiteRunner.run(SuiteRunner.java:268)
	at org.testng.SuiteRunnerWorker.runSuite(SuiteRunnerWorker.java:52)
	at org.testng.SuiteRunnerWorker.run(SuiteRunnerWorker.java:86)
	at org.testng.TestNG.runSuitesSequentially(TestNG.java:1244)
	at org.testng.TestNG.runSuitesLocally(TestNG.java:1169)
	at org.testng.TestNG.run(TestNG.java:1064)
	at org.testng.remote.RemoteTestNG.run(RemoteTestNG.java:113)
	at org.testng.remote.RemoteTestNG.initAndRun(RemoteTestNG.java:206)
	at org.testng.remote.RemoteTestNG.main(RemoteTestNG.java:177)
]]>
            </full-stacktrace>
          </exception> <!-- org.openqa.selenium.NoSuchElementException -->
          <reporter-output>
          </reporter-output>
        </test-method> <!-- application_step_eight -->
        <test-method status="FAIL" signature="application_step_seven()[pri:8, instance:nz.govt.mdc.ConsentsOnline.SubdivisionConsentApplicationTest@79b06cab]" name="application_step_seven" duration-ms="20064" started-at="2019-12-01T10:52:08Z" finished-at="2019-12-01T10:52:28Z">
          <exception class="org.openqa.selenium.NoSuchElementException">
            <message>
              <![CDATA[no such element: Unable to locate element: {"method":"css selector","selector":"#btnSaveAffectedParties"}
  (Session info: chrome=78.0.3904.108)
For documentation on this error, please visit: https://www.seleniumhq.org/exceptions/no_such_element.html
Build info: version: '4.0.0-alpha-3', revision: '8c567de6dc'
System info: host: 'LAPTOP-CF3E3LQS', ip: '192.168.174.1', os.name: 'Windows 10', os.arch: 'amd64', os.version: '10.0', java.version: '1.8.0_211'
Driver info: org.openqa.selenium.chrome.ChromeDriver
Capabilities {acceptInsecureCerts: false, browserName: chrome, browserVersion: 78.0.3904.108, chrome: {chromedriverVersion: 78.0.3904.105 (60e2d8774a81..., userDataDir: C:\Users\Nilu\AppData\Local...}, goog:chromeOptions: {debuggerAddress: localhost:61658}, javascriptEnabled: true, networkConnectionEnabled: false, pageLoadStrategy: normal, platform: XP, platformName: XP, proxy: Proxy(), setWindowRect: true, strictFileInteractability: false, timeouts: {implicit: 0, pageLoad: 300000, script: 30000}, unhandledPromptBehavior: dismiss and notify}
Session ID: aa2599f43eaa40378285fdc9912aacda
*** Element info: {Using=id, value=btnSaveAffectedParties}]]>
            </message>
            <full-stacktrace>
              <![CDATA[org.openqa.selenium.NoSuchElementException: no such element: Unable to locate element: {"method":"css selector","selector":"#btnSaveAffectedParties"}
  (Session info: chrome=78.0.3904.108)
For documentation on this error, please visit: https://www.seleniumhq.org/exceptions/no_such_element.html
Build info: version: '4.0.0-alpha-3', revision: '8c567de6dc'
System info: host: 'LAPTOP-CF3E3LQS', ip: '192.168.174.1', os.name: 'Windows 10', os.arch: 'amd64', os.version: '10.0', java.version: '1.8.0_211'
Driver info: org.openqa.selenium.chrome.ChromeDriver
Capabilities {acceptInsecureCerts: false, browserName: chrome, browserVersion: 78.0.3904.108, chrome: {chromedriverVersion: 78.0.3904.105 (60e2d8774a81..., userDataDir: C:\Users\Nilu\AppData\Local...}, goog:chromeOptions: {debuggerAddress: localhost:61658}, javascriptEnabled: true, networkConnectionEnabled: false, pageLoadStrategy: normal, platform: XP, platformName: XP, proxy: Proxy(), setWindowRect: true, strictFileInteractability: false, timeouts: {implicit: 0, pageLoad: 300000, script: 30000}, unhandledPromptBehavior: dismiss and notify}
Session ID: aa2599f43eaa40378285fdc9912aacda
*** Element info: {Using=id, value=btnSaveAffectedParties}
	at sun.reflect.NativeConstructorAccessorImpl.newInstance0(Native Method)
	at sun.reflect.NativeConstructorAccessorImpl.newInstance(Unknown Source)
	at sun.reflect.DelegatingConstructorAccessorImpl.newInstance(Unknown Source)
	at java.lang.reflect.Constructor.newInstance(Unknown Source)
	at org.openqa.selenium.remote.codec.w3c.W3CHttpResponseCodec.createException(W3CHttpResponseCodec.java:191)
	at org.openqa.selenium.remote.codec.w3c.W3CHttpResponseCodec.decode(W3CHttpResponseCodec.java:125)
	at org.openqa.selenium.remote.codec.w3c.W3CHttpResponseCodec.decode(W3CHttpResponseCodec.java:52)
	at org.openqa.selenium.remote.HttpCommandExecutor.execute(HttpCommandExecutor.java:161)
	at org.openqa.selenium.remote.service.DriverCommandExecutor.execute(DriverCommandExecutor.java:83)
	at org.openqa.selenium.remote.RemoteWebDriver.execute(RemoteWebDriver.java:576)
	at org.openqa.selenium.remote.RemoteWebDriver.findElement(RemoteWebDriver.java:327)
	at org.openqa.selenium.remote.RemoteWebDriver.findElementById(RemoteWebDriver.java:375)
	at org.openqa.selenium.By$ById.findElement(By.java:196)
	at org.openqa.selenium.remote.RemoteWebDriver.findElement(RemoteWebDriver.java:319)
	at org.openqa.selenium.support.pagefactory.DefaultElementLocator.findElement(DefaultElementLocator.java:70)
	at org.openqa.selenium.support.pagefactory.internal.LocatingElementHandler.invoke(LocatingElementHandler.java:39)
	at com.sun.proxy.$Proxy28.click(Unknown Source)
	at pageObjects.ApplicationStepSeven.step7(ApplicationStepSeven.java:23)
	at nz.govt.mdc.ConsentsOnline.SubdivisionConsentApplicationTest.application_step_seven(SubdivisionConsentApplicationTest.java:154)
	at sun.reflect.NativeMethodAccessorImpl.invoke0(Native Method)
	at sun.reflect.NativeMethodAccessorImpl.invoke(Unknown Source)
	at sun.reflect.DelegatingMethodAccessorImpl.invoke(Unknown Source)
	at java.lang.reflect.Method.invoke(Unknown Source)
	at org.testng.internal.MethodInvocationHelper.invokeMethod(MethodInvocationHelper.java:86)
	at org.testng.internal.Invoker.invokeMethod(Invoker.java:645)
	at org.testng.internal.Invoker.invokeTestMethod(Invoker.java:822)
	at org.testng.internal.Invoker.invokeTestMethods(Invoker.java:1130)
	at org.testng.internal.TestMethodWorker.invokeTestMethods(TestMethodWorker.java:129)
	at org.testng.internal.TestMethodWorker.run(TestMethodWorker.java:112)
	at org.testng.TestRunner.privateRun(TestRunner.java:782)
	at org.testng.TestRunner.run(TestRunner.java:632)
	at org.testng.SuiteRunner.runTest(SuiteRunner.java:366)
	at org.testng.SuiteRunner.runSequentially(SuiteRunner.java:361)
	at org.testng.SuiteRunner.privateRun(SuiteRunner.java:319)
	at org.testng.SuiteRunner.run(SuiteRunner.java:268)
	at org.testng.SuiteRunnerWorker.runSuite(SuiteRunnerWorker.java:52)
	at org.testng.SuiteRunnerWorker.run(SuiteRunnerWorker.java:86)
	at org.testng.TestNG.runSuitesSequentially(TestNG.java:1244)
	at org.testng.TestNG.runSuitesLocally(TestNG.java:1169)
	at org.testng.TestNG.run(TestNG.java:1064)
	at org.testng.remote.RemoteTestNG.run(RemoteTestNG.java:113)
	at org.testng.remote.RemoteTestNG.initAndRun(RemoteTestNG.java:206)
	at org.testng.remote.RemoteTestNG.main(RemoteTestNG.java:177)
]]>
            </full-stacktrace>
          </exception> <!-- org.openqa.selenium.NoSuchElementException -->
          <reporter-output>
          </reporter-output>
        </test-method> <!-- application_step_seven -->
        <test-method status="PASS" signature="logout()[pri:9, instance:nz.govt.mdc.ConsentsOnline.SubdivisionConsentApplicationTest@79b06cab]" name="logout" duration-ms="2320" started-at="2019-12-01T10:52:28Z" finished-at="2019-12-01T10:52:31Z">
          <reporter-output>
          </reporter-output>
        </test-method> <!-- logout -->
        <test-method status="PASS" signature="teardown()[pri:0, instance:nz.govt.mdc.ConsentsOnline.SubdivisionConsentApplicationTest@79b06cab]" name="teardown" is-config="true" duration-ms="608" started-at="2019-12-01T10:52:31Z" finished-at="2019-12-01T10:52:31Z">
          <reporter-output>
          </reporter-output>
        </test-method> <!-- teardown -->
      </class> <!-- nz.govt.mdc.ConsentsOnline.SubdivisionConsentApplicationTest -->
    </test> <!-- Validate Subdivision consent application -->
    <test name="Validate Land use consent application" duration-ms="108024" started-at="2019-11-30T21:52:31Z" finished-at="2019-11-30T21:54:19Z">
      <class name="nz.govt.mdc.ConsentsOnline.LandUseConsentApplicationTest">
        <test-method status="PASS" signature="Launch_Browser()[pri:0, instance:nz.govt.mdc.ConsentsOnline.LandUseConsentApplicationTest@149e0f5d]" name="Launch_Browser" is-config="true" duration-ms="30621" started-at="2019-12-01T10:52:31Z" finished-at="2019-12-01T10:53:02Z">
          <reporter-output>
          </reporter-output>
        </test-method> <!-- Launch_Browser -->
        <test-method status="PASS" signature="Login()[pri:0, instance:nz.govt.mdc.ConsentsOnline.LandUseConsentApplicationTest@149e0f5d]" name="Login" duration-ms="13605" started-at="2019-12-01T10:53:02Z" finished-at="2019-12-01T10:53:15Z">
          <reporter-output>
          </reporter-output>
        </test-method> <!-- Login -->
        <test-method status="PASS" signature="new_application()[pri:1, instance:nz.govt.mdc.ConsentsOnline.LandUseConsentApplicationTest@149e0f5d]" name="new_application" duration-ms="7421" started-at="2019-12-01T10:53:15Z" finished-at="2019-12-01T10:53:23Z">
          <reporter-output>
          </reporter-output>
        </test-method> <!-- new_application -->
        <test-method status="PASS" signature="application_step_one()[pri:2, instance:nz.govt.mdc.ConsentsOnline.LandUseConsentApplicationTest@149e0f5d]" name="application_step_one" duration-ms="8016" started-at="2019-12-01T10:53:23Z" finished-at="2019-12-01T10:53:31Z">
          <reporter-output>
          </reporter-output>
        </test-method> <!-- application_step_one -->
        <test-method status="PASS" signature="application_step_two()[pri:3, instance:nz.govt.mdc.ConsentsOnline.LandUseConsentApplicationTest@149e0f5d]" name="application_step_two" duration-ms="6050" started-at="2019-12-01T10:53:31Z" finished-at="2019-12-01T10:53:37Z">
          <reporter-output>
          </reporter-output>
        </test-method> <!-- application_step_two -->
        <test-method status="PASS" signature="application_step_three()[pri:4, instance:nz.govt.mdc.ConsentsOnline.LandUseConsentApplicationTest@149e0f5d]" name="application_step_three" duration-ms="7550" started-at="2019-12-01T10:53:37Z" finished-at="2019-12-01T10:53:44Z">
          <reporter-output>
          </reporter-output>
        </test-method> <!-- application_step_three -->
        <test-method status="PASS" signature="application_step_four()[pri:5, instance:nz.govt.mdc.ConsentsOnline.LandUseConsentApplicationTest@149e0f5d]" name="application_step_four" duration-ms="5742" started-at="2019-12-01T10:53:44Z" finished-at="2019-12-01T10:53:50Z">
          <reporter-output>
          </reporter-output>
        </test-method> <!-- application_step_four -->
        <test-method status="PASS" signature="application_step_five()[pri:6, instance:nz.govt.mdc.ConsentsOnline.LandUseConsentApplicationTest@149e0f5d]" name="application_step_five" duration-ms="5398" started-at="2019-12-01T10:53:50Z" finished-at="2019-12-01T10:53:56Z">
          <reporter-output>
          </reporter-output>
        </test-method> <!-- application_step_five -->
        <test-method status="FAIL" signature="application_step_six()[pri:7, instance:nz.govt.mdc.ConsentsOnline.LandUseConsentApplicationTest@149e0f5d]" name="application_step_six" duration-ms="65" started-at="2019-12-01T10:53:56Z" finished-at="2019-12-01T10:53:56Z">
          <exception class="java.lang.AssertionError">
            <message>
              <![CDATA[expected [AppDeclaration - Consents Online] but found [Assessment of Environmental Effects (AEE) - Consents Online]]]>
            </message>
            <full-stacktrace>
              <![CDATA[java.lang.AssertionError: expected [AppDeclaration - Consents Online] but found [Assessment of Environmental Effects (AEE) - Consents Online]
	at org.testng.Assert.fail(Assert.java:94)
	at org.testng.Assert.failNotEquals(Assert.java:513)
	at org.testng.Assert.assertEqualsImpl(Assert.java:135)
	at org.testng.Assert.assertEquals(Assert.java:116)
	at org.testng.Assert.assertEquals(Assert.java:190)
	at org.testng.Assert.assertEquals(Assert.java:200)
	at nz.govt.mdc.ConsentsOnline.LandUseConsentApplicationTest.application_step_six(LandUseConsentApplicationTest.java:145)
	at sun.reflect.NativeMethodAccessorImpl.invoke0(Native Method)
	at sun.reflect.NativeMethodAccessorImpl.invoke(Unknown Source)
	at sun.reflect.DelegatingMethodAccessorImpl.invoke(Unknown Source)
	at java.lang.reflect.Method.invoke(Unknown Source)
	at org.testng.internal.MethodInvocationHelper.invokeMethod(MethodInvocationHelper.java:86)
	at org.testng.internal.Invoker.invokeMethod(Invoker.java:645)
	at org.testng.internal.Invoker.invokeTestMethod(Invoker.java:822)
	at org.testng.internal.Invoker.invokeTestMethods(Invoker.java:1130)
	at org.testng.internal.TestMethodWorker.invokeTestMethods(TestMethodWorker.java:129)
	at org.testng.internal.TestMethodWorker.run(TestMethodWorker.java:112)
	at org.testng.TestRunner.privateRun(TestRunner.java:782)
	at org.testng.TestRunner.run(TestRunner.java:632)
	at org.testng.SuiteRunner.runTest(SuiteRunner.java:366)
	at org.testng.SuiteRunner.runSequentially(SuiteRunner.java:361)
	at org.testng.SuiteRunner.privateRun(SuiteRunner.java:319)
	at org.testng.SuiteRunner.run(SuiteRunner.java:268)
	at org.testng.SuiteRunnerWorker.runSuite(SuiteRunnerWorker.java:52)
	at org.testng.SuiteRunnerWorker.run(SuiteRunnerWorker.java:86)
	at org.testng.TestNG.runSuitesSequentially(TestNG.java:1244)
	at org.testng.TestNG.runSuitesLocally(TestNG.java:1169)
	at org.testng.TestNG.run(TestNG.java:1064)
	at org.testng.remote.RemoteTestNG.run(RemoteTestNG.java:113)
	at org.testng.remote.RemoteTestNG.initAndRun(RemoteTestNG.java:206)
	at org.testng.remote.RemoteTestNG.main(RemoteTestNG.java:177)
]]>
            </full-stacktrace>
          </exception> <!-- java.lang.AssertionError -->
          <reporter-output>
          </reporter-output>
        </test-method> <!-- application_step_six -->
        <test-method status="FAIL" signature="application_step_eight()[pri:8, instance:nz.govt.mdc.ConsentsOnline.LandUseConsentApplicationTest@149e0f5d]" name="application_step_eight" duration-ms="20024" started-at="2019-12-01T10:53:56Z" finished-at="2019-12-01T10:54:16Z">
          <exception class="org.openqa.selenium.NoSuchElementException">
            <message>
              <![CDATA[no such element: Unable to locate element: {"method":"css selector","selector":"#Name"}
  (Session info: chrome=78.0.3904.108)
For documentation on this error, please visit: https://www.seleniumhq.org/exceptions/no_such_element.html
Build info: version: '4.0.0-alpha-3', revision: '8c567de6dc'
System info: host: 'LAPTOP-CF3E3LQS', ip: '192.168.174.1', os.name: 'Windows 10', os.arch: 'amd64', os.version: '10.0', java.version: '1.8.0_211'
Driver info: org.openqa.selenium.chrome.ChromeDriver
Capabilities {acceptInsecureCerts: false, browserName: chrome, browserVersion: 78.0.3904.108, chrome: {chromedriverVersion: 78.0.3904.105 (60e2d8774a81..., userDataDir: C:\Users\Nilu\AppData\Local...}, goog:chromeOptions: {debuggerAddress: localhost:61711}, javascriptEnabled: true, networkConnectionEnabled: false, pageLoadStrategy: normal, platform: XP, platformName: XP, proxy: Proxy(), setWindowRect: true, strictFileInteractability: false, timeouts: {implicit: 0, pageLoad: 300000, script: 30000}, unhandledPromptBehavior: dismiss and notify}
Session ID: 7a1160261ba785da8bfdc7a6d452a540
*** Element info: {Using=id, value=Name}]]>
            </message>
            <full-stacktrace>
              <![CDATA[org.openqa.selenium.NoSuchElementException: no such element: Unable to locate element: {"method":"css selector","selector":"#Name"}
  (Session info: chrome=78.0.3904.108)
For documentation on this error, please visit: https://www.seleniumhq.org/exceptions/no_such_element.html
Build info: version: '4.0.0-alpha-3', revision: '8c567de6dc'
System info: host: 'LAPTOP-CF3E3LQS', ip: '192.168.174.1', os.name: 'Windows 10', os.arch: 'amd64', os.version: '10.0', java.version: '1.8.0_211'
Driver info: org.openqa.selenium.chrome.ChromeDriver
Capabilities {acceptInsecureCerts: false, browserName: chrome, browserVersion: 78.0.3904.108, chrome: {chromedriverVersion: 78.0.3904.105 (60e2d8774a81..., userDataDir: C:\Users\Nilu\AppData\Local...}, goog:chromeOptions: {debuggerAddress: localhost:61711}, javascriptEnabled: true, networkConnectionEnabled: false, pageLoadStrategy: normal, platform: XP, platformName: XP, proxy: Proxy(), setWindowRect: true, strictFileInteractability: false, timeouts: {implicit: 0, pageLoad: 300000, script: 30000}, unhandledPromptBehavior: dismiss and notify}
Session ID: 7a1160261ba785da8bfdc7a6d452a540
*** Element info: {Using=id, value=Name}
	at sun.reflect.NativeConstructorAccessorImpl.newInstance0(Native Method)
	at sun.reflect.NativeConstructorAccessorImpl.newInstance(Unknown Source)
	at sun.reflect.DelegatingConstructorAccessorImpl.newInstance(Unknown Source)
	at java.lang.reflect.Constructor.newInstance(Unknown Source)
	at org.openqa.selenium.remote.codec.w3c.W3CHttpResponseCodec.createException(W3CHttpResponseCodec.java:191)
	at org.openqa.selenium.remote.codec.w3c.W3CHttpResponseCodec.decode(W3CHttpResponseCodec.java:125)
	at org.openqa.selenium.remote.codec.w3c.W3CHttpResponseCodec.decode(W3CHttpResponseCodec.java:52)
	at org.openqa.selenium.remote.HttpCommandExecutor.execute(HttpCommandExecutor.java:161)
	at org.openqa.selenium.remote.service.DriverCommandExecutor.execute(DriverCommandExecutor.java:83)
	at org.openqa.selenium.remote.RemoteWebDriver.execute(RemoteWebDriver.java:576)
	at org.openqa.selenium.remote.RemoteWebDriver.findElement(RemoteWebDriver.java:327)
	at org.openqa.selenium.remote.RemoteWebDriver.findElementById(RemoteWebDriver.java:375)
	at org.openqa.selenium.By$ById.findElement(By.java:196)
	at org.openqa.selenium.remote.RemoteWebDriver.findElement(RemoteWebDriver.java:319)
	at org.openqa.selenium.support.pagefactory.DefaultElementLocator.findElement(DefaultElementLocator.java:70)
	at org.openqa.selenium.support.pagefactory.internal.LocatingElementHandler.invoke(LocatingElementHandler.java:39)
	at com.sun.proxy.$Proxy28.sendKeys(Unknown Source)
	at pageObjects.ApplicationStepEight.applicant_name(ApplicationStepEight.java:36)
	at nz.govt.mdc.ConsentsOnline.LandUseConsentApplicationTest.application_step_eight(LandUseConsentApplicationTest.java:155)
	at sun.reflect.NativeMethodAccessorImpl.invoke0(Native Method)
	at sun.reflect.NativeMethodAccessorImpl.invoke(Unknown Source)
	at sun.reflect.DelegatingMethodAccessorImpl.invoke(Unknown Source)
	at java.lang.reflect.Method.invoke(Unknown Source)
	at org.testng.internal.MethodInvocationHelper.invokeMethod(MethodInvocationHelper.java:86)
	at org.testng.internal.Invoker.invokeMethod(Invoker.java:645)
	at org.testng.internal.Invoker.invokeTestMethod(Invoker.java:822)
	at org.testng.internal.Invoker.invokeTestMethods(Invoker.java:1130)
	at org.testng.internal.TestMethodWorker.invokeTestMethods(TestMethodWorker.java:129)
	at org.testng.internal.TestMethodWorker.run(TestMethodWorker.java:112)
	at org.testng.TestRunner.privateRun(TestRunner.java:782)
	at org.testng.TestRunner.run(TestRunner.java:632)
	at org.testng.SuiteRunner.runTest(SuiteRunner.java:366)
	at org.testng.SuiteRunner.runSequentially(SuiteRunner.java:361)
	at org.testng.SuiteRunner.privateRun(SuiteRunner.java:319)
	at org.testng.SuiteRunner.run(SuiteRunner.java:268)
	at org.testng.SuiteRunnerWorker.runSuite(SuiteRunnerWorker.java:52)
	at org.testng.SuiteRunnerWorker.run(SuiteRunnerWorker.java:86)
	at org.testng.TestNG.runSuitesSequentially(TestNG.java:1244)
	at org.testng.TestNG.runSuitesLocally(TestNG.java:1169)
	at org.testng.TestNG.run(TestNG.java:1064)
	at org.testng.remote.RemoteTestNG.run(RemoteTestNG.java:113)
	at org.testng.remote.RemoteTestNG.initAndRun(RemoteTestNG.java:206)
	at org.testng.remote.RemoteTestNG.main(RemoteTestNG.java:177)
]]>
            </full-stacktrace>
          </exception> <!-- org.openqa.selenium.NoSuchElementException -->
          <reporter-output>
          </reporter-output>
        </test-method> <!-- application_step_eight -->
        <test-method status="PASS" signature="logout()[pri:9, instance:nz.govt.mdc.ConsentsOnline.LandUseConsentApplicationTest@149e0f5d]" name="logout" duration-ms="2301" started-at="2019-12-01T10:54:16Z" finished-at="2019-12-01T10:54:19Z">
          <reporter-output>
          </reporter-output>
        </test-method> <!-- logout -->
        <test-method status="PASS" signature="teardown()[pri:0, instance:nz.govt.mdc.ConsentsOnline.LandUseConsentApplicationTest@149e0f5d]" name="teardown" is-config="true" duration-ms="611" started-at="2019-12-01T10:54:19Z" finished-at="2019-12-01T10:54:19Z">
          <reporter-output>
          </reporter-output>
        </test-method> <!-- teardown -->
      </class> <!-- nz.govt.mdc.ConsentsOnline.LandUseConsentApplicationTest -->
    </test> <!-- Validate Land use consent application -->
  </suite> <!-- Suite -->
</testng-results>
