<?xml version="1.0" encoding="UTF-8"?>
<!-- Generated by org.testng.reporters.JUnitReportReporter -->
<testsuite hostname="LAPTOP-CF3E3LQS" name="consents_online_tests.LaunchBrowserTest" tests="9" failures="0" timestamp="19 Nov 2019 05:58:49 GMT" time="119.588" errors="1">
  <testcase name="application_step_three" time="5.816" classname="consents_online_tests.LaunchBrowserTest"/>
  <testcase name="application_step_six" time="5.808" classname="consents_online_tests.LaunchBrowserTest"/>
  <testcase name="new_application" time="6.213" classname="consents_online_tests.LaunchBrowserTest"/>
  <testcase name="Login" time="12.258" classname="consents_online_tests.LaunchBrowserTest"/>
  <testcase name="application_step_eight" time="61.062" classname="consents_online_tests.LaunchBrowserTest">
    <error type="java.lang.IndexOutOfBoundsException" message="Index: 35, Size: 0">
      <![CDATA[java.lang.IndexOutOfBoundsException: Index: 35, Size: 0
	at java.util.ArrayList.rangeCheck(Unknown Source)
	at java.util.ArrayList.get(Unknown Source)
	at sun.reflect.GeneratedMethodAccessor2.invoke(Unknown Source)
	at sun.reflect.DelegatingMethodAccessorImpl.invoke(Unknown Source)
	at java.lang.reflect.Method.invoke(Unknown Source)
	at org.openqa.selenium.support.pagefactory.internal.LocatingElementListHandler.invoke(LocatingElementListHandler.java:40)
	at com.sun.proxy.$Proxy8.get(Unknown Source)
	at consents_online_page_objects.ApplicationStepEight.date(ApplicationStepEight.java:39)
	at consents_online_tests.LaunchBrowserTest.application_step_eight(LaunchBrowserTest.java:109)
	at sun.reflect.NativeMethodAccessorImpl.invoke0(Native Method)
	at sun.reflect.NativeMethodAccessorImpl.invoke(Unknown Source)
	at sun.reflect.DelegatingMethodAccessorImpl.invoke(Unknown Source)
	at java.lang.reflect.Method.invoke(Unknown Source)
	at org.testng.internal.MethodInvocationHelper.invokeMethod(MethodInvocationHelper.java:86)
	at org.testng.internal.Invoker.invokeMethod(Invoker.java:643)
	at org.testng.internal.Invoker.invokeTestMethod(Invoker.java:820)
	at org.testng.internal.Invoker.invokeTestMethods(Invoker.java:1128)
	at org.testng.internal.TestMethodWorker.invokeTestMethods(TestMethodWorker.java:129)
	at org.testng.internal.TestMethodWorker.run(TestMethodWorker.java:112)
	at org.testng.TestRunner.privateRun(TestRunner.java:782)
	at org.testng.TestRunner.run(TestRunner.java:632)
	at org.testng.SuiteRunner.runTest(SuiteRunner.java:366)
	at org.testng.SuiteRunner.runSequentially(SuiteRunner.java:361)
	at org.testng.SuiteRunner.privateRun(SuiteRunner.java:319)
	at org.testng.SuiteRunner.run(SuiteRunner.java:268)
	at org.testng.SuiteRunnerWorker.runSuite(SuiteRunnerWorker.java:52)
	at org.testng.SuiteRunnerWorker.run(SuiteRunnerWorker.java:86)
	at org.testng.TestNG.runSuitesSequentially(TestNG.java:1244)
	at org.testng.TestNG.runSuitesLocally(TestNG.java:1169)
	at org.testng.TestNG.run(TestNG.java:1064)
	at org.testng.remote.RemoteTestNG.run(RemoteTestNG.java:113)
	at org.testng.remote.RemoteTestNG.initAndRun(RemoteTestNG.java:206)
	at org.testng.remote.RemoteTestNG.main(RemoteTestNG.java:177)
]]>
    </error>
  </testcase> <!-- application_step_eight -->
  <testcase name="application_step_two" time="6.314" classname="consents_online_tests.LaunchBrowserTest"/>
  <testcase name="application_step_one" time="10.071" classname="consents_online_tests.LaunchBrowserTest"/>
  <testcase name="application_step_four" time="6.057" classname="consents_online_tests.LaunchBrowserTest"/>
  <testcase name="application_step_five" time="5.989" classname="consents_online_tests.LaunchBrowserTest"/>
</testsuite> <!-- consents_online_tests.LaunchBrowserTest -->
